<?xml version="1.0" encoding="UTF-8"?>
<testsuite xmlns:xsi="http://www.w3.org/2001/XMLSchema-instance" xsi:noNamespaceSchemaLocation="https://maven.apache.org/surefire/maven-surefire-plugin/xsd/surefire-test-report.xsd" name="accounts.web.AccountControllerCustomUserDetailsServiceTests" time="1.4" tests="2" errors="0" skipped="2" failures="0">
  <properties>
[...]
</properties>
  <testcase name="accountDetails_with_joe_credentials_should_return_200" classname="accounts.web.AccountControllerCustomUserDetailsServiceTests" time="0">
    <skipped message="public void accounts.web.AccountControllerCustomUserDetailsServiceTests.accountDetails_with_joe_credentials_should_return_200() throws java.lang.Exception is @Disabled"/>
    <system-out><![CDATA[INFO : o.s.t.c.support.AbstractContextLoader - Could not detect default resource locations for test class [accounts.web.AccountControllerCustomUserDetailsServiceTests]: no resource found for suffixes {-context.xml, Context.groovy}.
INFO : o.s.b.t.a.w.s.WebMvcTestContextBootstrapper - Loaded default TestExecutionListener class names from location [META-INF/spring.factories]: [org.springframework.security.test.context.support.WithSecurityContextTestExecutionListener, org.springframework.security.test.context.support.ReactorContextTestExecutionListener, org.springframework.test.context.web.ServletTestExecutionListener, org.springframework.test.context.support.DirtiesContextBeforeModesTestExecutionListener, org.springframework.test.context.event.ApplicationEventsTestExecutionListener, org.springframework.test.context.support.DependencyInjectionTestExecutionListener, org.springframework.test.context.support.DirtiesContextTestExecutionListener, org.springframework.test.context.transaction.TransactionalTestExecutionListener, org.springframework.test.context.jdbc.SqlScriptsTestExecutionListener, org.springframework.test.context.event.EventPublishingTestExecutionListener, org.springframework.boot.test.mock.mockito.MockitoTestExecutionListener, org.springframework.boot.test.mock.mockito.ResetMocksTestExecutionListener, org.springframework.boot.test.autoconfigure.restdocs.RestDocsTestExecutionListener, org.springframework.boot.test.autoconfigure.web.client.MockRestServiceServerResetTestExecutionListener, org.springframework.boot.test.autoconfigure.web.servlet.MockMvcPrintOnlyOnFailureTestExecutionListener, org.springframework.boot.test.autoconfigure.web.servlet.WebDriverTestExecutionListener, org.springframework.boot.test.autoconfigure.webservices.client.MockWebServiceServerTestExecutionListener]
INFO : o.s.b.t.a.w.s.WebMvcTestContextBootstrapper - Using TestExecutionListeners: [org.springframework.test.context.web.ServletTestExecutionListener@34997338, org.springframework.test.context.support.DirtiesContextBeforeModesTestExecutionListener@57eda880, org.springframework.test.context.event.ApplicationEventsTestExecutionListener@2b5825fa, org.springframework.boot.test.mock.mockito.MockitoTestExecutionListener@53d1b9b3, org.springframework.boot.test.autoconfigure.SpringBootDependencyInjectionTestExecutionListener@2cae1042, org.springframework.test.context.support.DirtiesContextTestExecutionListener@163d04ff, org.springframework.test.context.transaction.TransactionalTestExecutionListener@7c209437, org.springframework.test.context.jdbc.SqlScriptsTestExecutionListener@2262b621, org.springframework.security.test.context.support.WithSecurityContextTestExecutionListener@7e928e2f, org.springframework.test.context.event.EventPublishingTestExecutionListener@f667fe, org.springframework.security.test.context.support.ReactorContextTestExecutionListener@788fcafb, org.springframework.boot.test.mock.mockito.ResetMocksTestExecutionListener@4febb875, org.springframework.boot.test.autoconfigure.restdocs.RestDocsTestExecutionListener@25e2a451, org.springframework.boot.test.autoconfigure.web.client.MockRestServiceServerResetTestExecutionListener@1698ee84, org.springframework.boot.test.autoconfigure.web.servlet.MockMvcPrintOnlyOnFailureTestExecutionListener@10c626be, org.springframework.boot.test.autoconfigure.web.servlet.WebDriverTestExecutionListener@2fc0cc3, org.springframework.boot.test.autoconfigure.webservices.client.MockWebServiceServerTestExecutionListener@328cf0e1]
 ::                                                         ____
 /\    ____                 ____             _              \ \ \
|/\|  / ___|___  _ __ ___  / ___| _ __  _ __(_)_ __   __ _   \ \ \
     | |   / _ \| '__/ _ \ \___ \| '_ \| '__| | '_ \ / _` |   \ \ \
     | |__| (_) | | |  __/  ___) | |_) | |  | | | | | (_| |   / / /
      \____\___/|_|  \___| |____/| .__/|_|  |_|_| |_|\__, |  / / /
 ================================|_|==================|___/=/_/_/=
   :: Core Spring Training ::                  :: v5.3.23.RELEASE ::

INFO : a.w.AccountControllerCustomUserDetailsServiceTests - Starting AccountControllerCustomUserDetailsServiceTests using Java 11.0.18 on Roberts-Mini.fritz.box with PID 20844 (started by robertkokorev in /Users/robertkokorev/Dev/workshops/spring-academy-labfiles/42-security-rest)
DEBUG: a.w.AccountControllerCustomUserDetailsServiceTests - Running with Spring Boot v2.7.5, Spring v5.3.23
INFO : a.w.AccountControllerCustomUserDetailsServiceTests - No active profile set, falling back to 1 default profile: "default"
INFO : o.s.s.web.DefaultSecurityFilterChain - Will secure any request with [org.springframework.security.web.session.DisableEncodeUrlFilter@5cfed0ba, org.springframework.security.web.context.request.async.WebAsyncManagerIntegrationFilter@5c8d58ed, org.springframework.security.web.context.SecurityContextPersistenceFilter@1e226bcd, org.springframework.security.web.header.HeaderWriterFilter@7aded903, org.springframework.security.web.authentication.logout.LogoutFilter@76396509, org.springframework.security.web.authentication.www.BasicAuthenticationFilter@50598a1a, org.springframework.security.web.savedrequest.RequestCacheAwareFilter@35025a0a, org.springframework.security.web.servletapi.SecurityContextHolderAwareRequestFilter@6f38f084, org.springframework.security.web.authentication.AnonymousAuthenticationFilter@6a567f7b, org.springframework.security.web.session.SessionManagementFilter@1f916219, org.springframework.security.web.access.ExceptionTranslationFilter@478fb7dc, org.springframework.security.web.access.intercept.AuthorizationFilter@512abf25]
INFO : o.s.b.a.w.s.WelcomePageHandlerMapping - Adding welcome page: class path resource [static/index.html]
DEBUG: _.s.web.servlet.HandlerMapping.Mappings - 
	a.w.AccountController:
	{GET [/authorities]}: getAuthoritiesForUser(String)
	{GET [/accounts]}: accountSummary()
	{GET [/accounts/{id}]}: accountDetails(int)
	{POST [/accounts]}: createAccount(Account)
	{GET [/accounts/{accountId}/beneficiaries/{beneficiaryName}]}: getBeneficiary(int,String)
	{POST [/accounts/{accountId}/beneficiaries]}: addBeneficiary(long,String)
	{DELETE [/accounts/{accountId}/beneficiaries/{beneficiaryName}]}: removeBeneficiary(long,String)
DEBUG: _.s.web.servlet.HandlerMapping.Mappings - 
	o.s.b.a.w.s.e.BasicErrorController:
	{ [/error]}: error(HttpServletRequest)
	{ [/error], produces [text/html]}: errorHtml(HttpServletRequest,HttpServletResponse)
DEBUG: _.s.web.servlet.HandlerMapping.Mappings - 'beanNameHandlerMapping' {}
DEBUG: _.s.web.servlet.HandlerMapping.Mappings - 'resourceHandlerMapping' {/webjars/**=ResourceHttpRequestHandler [classpath [META-INF/resources/webjars/]], /**=ResourceHttpRequestHandler [classpath [META-INF/resources/], classpath [resources/], classpath [static/], classpath [public/], ServletContext [/]]}
INFO : o.s.b.t.m.w.SpringBootMockServletContext - Initializing Spring TestDispatcherServlet ''
INFO : o.s.t.web.servlet.TestDispatcherServlet - Initializing Servlet ''
INFO : o.s.t.web.servlet.TestDispatcherServlet - Completed initialization in 1 ms
INFO : a.w.AccountControllerCustomUserDetailsServiceTests - Started AccountControllerCustomUserDetailsServiceTests in 1.197 seconds (JVM running for 1.676)
]]></system-out>
  </testcase>
  <testcase name="accountDetails_with_mary_credentials_should_return_200" classname="accounts.web.AccountControllerCustomUserDetailsServiceTests" time="0">
    <skipped message="public void accounts.web.AccountControllerCustomUserDetailsServiceTests.accountDetails_with_mary_credentials_should_return_200() throws java.lang.Exception is @Disabled"/>
  </testcase>
</testsuite>